Flow report for Project
Wed May 20 16:41:57 2026
Quartus II 64-Bit Version 13.0.1 Build 232 06/12/2013 Service Pack 1 SJ Web Edition


---------------------
; Table of Contents ;
---------------------
  1. Legal Notice
  2. Flow Summary
  3. Flow Settings
  4. Flow Non-Default Global Settings
  5. Flow Elapsed Time
  6. Flow OS Summary
  7. Flow Log
  8. Flow Messages
  9. Flow Suppressed Messages



----------------
; Legal Notice ;
----------------
Copyright (C) 1991-2013 Altera Corporation
Your use of Altera Corporation's design tools, logic functions 
and other software and tools, and its AMPP partner logic 
functions, and any output files from any of the foregoing 
(including device programming or simulation files), and any 
associated documentation or information are expressly subject 
to the terms and conditions of the Altera Program License 
Subscription Agreement, Altera MegaCore Function License 
Agreement, or other applicable license agreement, including, 
without limitation, that your use is for the sole purpose of 
programming logic devices manufactured by Altera and sold by 
Altera or its authorized distributors.  Please refer to the 
applicable agreement for further details.



+--------------------------------------------------------------------------------------+
; Flow Summary                                                                         ;
+------------------------------------+-------------------------------------------------+
; Flow Status                        ; Successful - Wed May 20 16:41:57 2026           ;
; Quartus II 64-Bit Version          ; 13.0.1 Build 232 06/12/2013 SP 1 SJ Web Edition ;
; Revision Name                      ; Project                                         ;
; Top-level Entity Name              ; Game_Console_Top                                ;
; Family                             ; Cyclone II                                      ;
; Device                             ; EP2C35F672C6                                    ;
; Timing Models                      ; Final                                           ;
; Total logic elements               ; 10,708 / 33,216 ( 32 % )                        ;
;     Total combinational functions  ; 10,670 / 33,216 ( 32 % )                        ;
;     Dedicated logic registers      ; 2,238 / 33,216 ( 7 % )                          ;
; Total registers                    ; 2238                                            ;
; Total pins                         ; 75 / 475 ( 16 % )                               ;
; Total virtual pins                 ; 0                                               ;
; Total memory bits                  ; 0 / 483,840 ( 0 % )                             ;
; Embedded Multiplier 9-bit elements ; 0 / 70 ( 0 % )                                  ;
; Total PLLs                         ; 0 / 4 ( 0 % )                                   ;
+------------------------------------+-------------------------------------------------+


+-----------------------------------------+
; Flow Settings                           ;
+-------------------+---------------------+
; Option            ; Setting             ;
+-------------------+---------------------+
; Start date & time ; 05/20/2026 16:40:45 ;
; Main task         ; Compilation         ;
; Revision Name     ; Project             ;
+-------------------+---------------------+


+-----------------------------------------------------------------------------------------------------------------------------------------------------------+
; Flow Non-Default Global Settings                                                                                                                          ;
+-------------------------------------+---------------------------------------------------------------------+---------------+------------------+------------+
; Assignment Name                     ; Value                                                               ; Default Value ; Entity Name      ; Section Id ;
+-------------------------------------+---------------------------------------------------------------------+---------------+------------------+------------+
; COMPILER_SIGNATURE_ID               ; 345052807169.177927004416308                                        ; --            ; --               ; --         ;
; EDA_SIMULATION_TOOL                 ; ModelSim-Altera (Verilog)                                           ; <None>        ; --               ; --         ;
; MAX_CORE_JUNCTION_TEMP              ; 85                                                                  ; --            ; --               ; --         ;
; MIN_CORE_JUNCTION_TEMP              ; 0                                                                   ; --            ; --               ; --         ;
; PARTITION_COLOR                     ; 16764057                                                            ; --            ; Game_Console_Top ; Top        ;
; PARTITION_FITTER_PRESERVATION_LEVEL ; PLACEMENT_AND_ROUTING                                               ; --            ; Game_Console_Top ; Top        ;
; PARTITION_NETLIST_TYPE              ; SOURCE                                                              ; --            ; Game_Console_Top ; Top        ;
; POWER_BOARD_THERMAL_MODEL           ; None (CONSERVATIVE)                                                 ; --            ; --               ; --         ;
; POWER_PRESET_COOLING_SOLUTION       ; 23 MM HEAT SINK WITH 200 LFPM AIRFLOW                               ; --            ; --               ; --         ;
; PROJECT_OUTPUT_DIRECTORY            ; output_files                                                        ; --            ; --               ; --         ;
; SLD_FILE                            ; C:/altera/13.0sp1/Project_CE213/output_files/stp1_auto_stripped.stp ; --            ; --               ; --         ;
; TOP_LEVEL_ENTITY                    ; Game_Console_Top                                                    ; Project       ; --               ; --         ;
+-------------------------------------+---------------------------------------------------------------------+---------------+------------------+------------+


+-------------------------------------------------------------------------------------------------------------------------------+
; Flow Elapsed Time                                                                                                             ;
+---------------------------+--------------+-------------------------+---------------------+------------------------------------+
; Module Name               ; Elapsed Time ; Average Processors Used ; Peak Virtual Memory ; Total CPU Time (on all processors) ;
+---------------------------+--------------+-------------------------+---------------------+------------------------------------+
; Analysis & Synthesis      ; 00:00:24     ; 1.0                     ; 4672 MB             ; 00:00:23                           ;
; Fitter                    ; 00:00:34     ; 3.3                     ; 5608 MB             ; 00:01:17                           ;
; Assembler                 ; 00:00:02     ; 1.0                     ; 4618 MB             ; 00:00:02                           ;
; TimeQuest Timing Analyzer ; 00:00:02     ; 1.0                     ; 4746 MB             ; 00:00:03                           ;
; EDA Netlist Writer        ; 00:00:04     ; 1.0                     ; 4645 MB             ; 00:00:04                           ;
; Total                     ; 00:01:06     ; --                      ; --                  ; 00:01:49                           ;
+---------------------------+--------------+-------------------------+---------------------+------------------------------------+


+----------------------------------------------------------------------------------------+
; Flow OS Summary                                                                        ;
+---------------------------+------------------+-----------+------------+----------------+
; Module Name               ; Machine Hostname ; OS Name   ; OS Version ; Processor type ;
+---------------------------+------------------+-----------+------------+----------------+
; Analysis & Synthesis      ; DoN              ; Windows 7 ; 6.2        ; x86_64         ;
; Fitter                    ; DoN              ; Windows 7 ; 6.2        ; x86_64         ;
; Assembler                 ; DoN              ; Windows 7 ; 6.2        ; x86_64         ;
; TimeQuest Timing Analyzer ; DoN              ; Windows 7 ; 6.2        ; x86_64         ;
; EDA Netlist Writer        ; DoN              ; Windows 7 ; 6.2        ; x86_64         ;
+---------------------------+------------------+-----------+------------+----------------+


------------
; Flow Log ;
------------
quartus_map --read_settings_files=on --write_settings_files=off Project -c Project
quartus_fit --read_settings_files=off --write_settings_files=off Project -c Project
quartus_asm --read_settings_files=off --write_settings_files=off Project -c Project
quartus_sta Project -c Project
quartus_eda --read_settings_files=off --write_settings_files=off Project -c Project



